[38;5;112m[Appium][0m Available drivers:
[38;5;112m[Appium][0m   - uiautomator2@2.45.1 (automationName 'UiAutomator2')
[38;5;112m[Appium][0m No plugins have been installed. Use the "appium plugin" command to install the one(s) you want to use.
[38;5;86m[HTTP][0m [37m-->[39m [37mPOST[39m [37m/session[39m [90m{"capabilities":{"alwaysMatch":{"platformName":"Android","appium:deviceName":"Nokia 6","appium:platformVersion":"9","appium:automationName":"UiAutomator2","appium:app":"D:\\LatihanSanber\\wdiomobile\\test\\apk\\ApiDemos-debug.apk","appium:appPackage":"io.appium.android.apis","appium:appActivity":".ApiDemos","appium:noReset":true,"appium:forceAppLaunch":true},"firstMatch":[{}]},"desiredCapabilities":{"platformName":"Android","appium:deviceName":"Nokia 6","appium:platformVersion":"9","appium:automationName":"UiAutomator2","appium:app":"D:\\LatihanSanber\\wdiomobile\\test\\apk\\ApiDemos-debug.apk","appium:appPackage":"io.appium.android.apis","appium:appActivity":".ApiDemos","appium:noReset":true,"appium:forceAppLaunch":true}}[39m
[38;5;213m[AppiumDriver@1455][0m Calling AppiumDriver.createSession() with args: [{"platformName":"Android","appium:deviceName":"Nokia 6","appium:platformVersion":"9","appium:automationName":"UiAutomator2","appium:app":"D:\\LatihanSanber\\wdiomobile\\test\\apk\\ApiDemos-debug.apk","appium:appPackage":"io.appium.android.apis","appium:appActivity":".ApiDemos","appium:noReset":true,"appium:forceAppLaunch":true},null,{"alwaysMatch":{"platformName":"Android","appium:deviceName":"Nokia 6","appium:platformVersion":"9","appium:automationName":"UiAutomator2","appium:app":"D:\\LatihanSanber\\wdiomobile\\test\\apk\\ApiDemos-debug.apk","appium:appPackage":"io.appium.android.apis","appium:appActivity":".ApiDemos","appium:noReset":true,"appium:forceAppLaunch":true},"firstMatch":[{}]}]
[38;5;213m[AppiumDriver@1455][0m Event 'newSessionRequested' logged at 1721310998675 (20:56:38 GMT+0700 (Western Indonesia Time))
[38;5;112m[Appium][0m Attempting to find matching driver for automationName 'UiAutomator2' and platformName 'Android'
[38;5;112m[Appium][0m The 'uiautomator2' driver was installed and matched caps.
[38;5;112m[Appium][0m Will require it at D:\LatihanSanber\wdiomobile\node_modules\appium-uiautomator2-driver
[38;5;112m[Appium][0m Requiring driver at D:\LatihanSanber\wdiomobile\node_modules\appium-uiautomator2-driver\build\index.js
[38;5;213m[AppiumDriver@1455][0m Appium v2.11.2 creating new AndroidUiautomator2Driver (v2.45.1) session
[38;5;213m[AppiumDriver@1455][0m Checking BaseDriver versions for Appium and AndroidUiautomator2Driver
[38;5;213m[AppiumDriver@1455][0m Appium's BaseDriver version is 9.11.2
[38;5;213m[AppiumDriver@1455][0m AndroidUiautomator2Driver's BaseDriver version is 9.5.1
[38;5;-111m[AndroidUiautomator2Driver@2dc3][0m Creating session with W3C capabilities: {
[38;5;-111m[AndroidUiautomator2Driver@2dc3][0m   "alwaysMatch": {
[38;5;-111m[AndroidUiautomator2Driver@2dc3][0m     "platformName": "Android",
[38;5;-111m[AndroidUiautomator2Driver@2dc3][0m     "appium:deviceName": "Nokia 6",
[38;5;-111m[AndroidUiautomator2Driver@2dc3][0m     "appium:platformVersion": "9",
[38;5;-111m[AndroidUiautomator2Driver@2dc3][0m     "appium:automationName": "UiAutomator2",
[38;5;-111m[AndroidUiautomator2Driver@2dc3][0m     "appium:app": "D:\\LatihanSanber\\wdiomobile\\test\\apk\\ApiDemos-debug.apk",
[38;5;-111m[AndroidUiautomator2Driver@2dc3][0m     "appium:appPackage": "io.appium.android.apis",
[38;5;-111m[AndroidUiautomator2Driver@2dc3][0m     "appium:appActivity": ".ApiDemos",
[38;5;-111m[AndroidUiautomator2Driver@2dc3][0m     "appium:noReset": true,
[38;5;-111m[AndroidUiautomator2Driver@2dc3][0m     "appium:forceAppLaunch": true
[38;5;-111m[AndroidUiautomator2Driver@2dc3][0m   },
[38;5;-111m[AndroidUiautomator2Driver@2dc3][0m   "firstMatch": [
[38;5;-111m[AndroidUiautomator2Driver@2dc3][0m     {}
[38;5;-111m[AndroidUiautomator2Driver@2dc3][0m   ]
[38;5;-111m[AndroidUiautomator2Driver@2dc3][0m }
[38;5;207m[AndroidUiautomator2Driver@2dc3 (a644174d)][0m Session created with session id: a644174d-6a8a-4ffe-b17f-7dd71316a743
[38;5;229m[ADB][0m Found 2 'build-tools' folders under 'C:\Users\setio\AppData\Local\Android\Sdk' (newest first):
[38;5;229m[ADB][0m     C:\Users\setio\AppData\Local\Android\Sdk\build-tools\35.0.0
[38;5;229m[ADB][0m     C:\Users\setio\AppData\Local\Android\Sdk\build-tools\34.0.0
[38;5;229m[ADB][0m Using 'adb.exe' from 'C:\Users\setio\AppData\Local\Android\Sdk\platform-tools\adb.exe'
[38;5;229m[ADB][0m Running 'C:\Users\setio\AppData\Local\Android\Sdk\platform-tools\adb.exe -P 5037 start-server'
[38;5;207m[AndroidUiautomator2Driver@2dc3 (a644174d)][0m Retrieving device list
[38;5;229m[ADB][0m Trying to find connected Android devices
[38;5;229m[ADB][0m Getting connected devices
[38;5;229m[ADB][0m Connected devices: [{"udid":"PLEGAR1790210506","state":"device"}]
[38;5;207m[AndroidUiautomator2Driver@2dc3 (a644174d)][0m Looking for a device with Android '9.0.0'
[38;5;229m[ADB][0m Setting device id to PLEGAR1790210506
[38;5;229m[ADB][0m Getting device platform version
[38;5;229m[ADB][0m Running 'C:\Users\setio\AppData\Local\Android\Sdk\platform-tools\adb.exe -P 5037 -s PLEGAR1790210506 shell getprop ro.build.version.release'
[38;5;229m[ADB][0m Current device property 'ro.build.version.release': 9
[38;5;207m[AndroidUiautomator2Driver@2dc3 (a644174d)][0m Using device: PLEGAR1790210506
[38;5;229m[ADB][0m Using 'adb.exe' from 'C:\Users\setio\AppData\Local\Android\Sdk\platform-tools\adb.exe'
[38;5;229m[ADB][0m Running 'C:\Users\setio\AppData\Local\Android\Sdk\platform-tools\adb.exe -P 5037 start-server'
[38;5;229m[ADB][0m Setting device id to PLEGAR1790210506
[38;5;123m[BaseDriver][0m Using local app 'D:\LatihanSanber\wdiomobile\test\apk\ApiDemos-debug.apk'
[38;5;207m[AndroidUiautomator2Driver@2dc3 (a644174d)][0m Checking whether app is actually present
[38;5;229m[ADB][0m Running 'C:\Users\setio\AppData\Local\Android\Sdk\platform-tools\adb.exe -P 5037 -s PLEGAR1790210506 shell getprop ro.build.version.sdk'
[38;5;229m[ADB][0m Current device property 'ro.build.version.sdk': 28
[38;5;229m[ADB][0m Getting device platform version
[38;5;229m[ADB][0m Running 'C:\Users\setio\AppData\Local\Android\Sdk\platform-tools\adb.exe -P 5037 -s PLEGAR1790210506 shell getprop ro.build.version.release'
[38;5;229m[ADB][0m Current device property 'ro.build.version.release': 9
[38;5;229m[ADB][0m Device API level: 28
[38;5;207m[AndroidUiautomator2Driver@2dc3 (a644174d)][0m Relaxing hidden api policy
[38;5;229m[ADB][0m Running 'C:\Users\setio\AppData\Local\Android\Sdk\platform-tools\adb.exe -P 5037 -s PLEGAR1790210506 shell 'settings put global hidden_api_policy_pre_p_apps 1;settings put global hidden_api_policy_p_apps 1;settings put global hidden_api_policy 1''
[38;5;207m[AndroidUiautomator2Driver@2dc3 (a644174d)][0m Pushing settings apk to the device...
[38;5;229m[ADB][0m Getting package info for 'io.appium.settings'
[38;5;229m[ADB][0m Running 'C:\Users\setio\AppData\Local\Android\Sdk\platform-tools\adb.exe -P 5037 -s PLEGAR1790210506 shell dumpsys package io.appium.settings'
[38;5;229m[ADB][0m The installed 'io.appium.settings' package is older than 'D:\LatihanSanber\wdiomobile\node_modules\appium-uiautomator2-driver\node_modules\io.appium.settings\apks\settings_apk-debug.apk' (30 < 75 or '3.4.0' < '5.7.5')'
[38;5;229m[ADB][0m Executing upgrade of 'D:\LatihanSanber\wdiomobile\node_modules\appium-uiautomator2-driver\node_modules\io.appium.settings\apks\settings_apk-debug.apk'
[38;5;229m[ADB][0m Running 'C:\Users\setio\AppData\Local\Android\Sdk\platform-tools\adb.exe -P 5037 -s PLEGAR1790210506 help'
[38;5;229m[ADB][0m Running 'C:\Users\setio\AppData\Local\Android\Sdk\platform-tools\adb.exe -P 5037 -s PLEGAR1790210506 features'
[38;5;229m[ADB][0m The application at 'D:\LatihanSanber\wdiomobile\node_modules\appium-uiautomator2-driver\node_modules\io.appium.settings\apks\settings_apk-debug.apk' will not be cached, because the device under test has confirmed the support of streamed installs
[38;5;229m[ADB][0m Running 'C:\Users\setio\AppData\Local\Android\Sdk\platform-tools\adb.exe -P 5037 -s PLEGAR1790210506 install -r -g D:\LatihanSanber\wdiomobile\node_modules\appium-uiautomator2-driver\node_modules\io.appium.settings\apks\settings_apk-debug.apk'
[38;5;229m[ADB][0m Cannot install/upgrade 'io.appium.settings' because of 'Error executing adbExec. Original error: 'Command 'C:\\Users\\setio\\AppData\\Local\\Android\\Sdk\\platform-tools\\adb.exe -P 5037 -s PLEGAR1790210506 install -r -g D:\\LatihanSanber\\wdiomobile\\node_modules\\appium-uiautomator2-driver\\node_modules\\io.appium.settings\\apks\\settings_apk-debug.apk' exited with code 1'; Command output: adb: failed to install D:\LatihanSanber\wdiomobile\node_modules\appium-uiautomator2-driver\node_modules\io.appium.settings\apks\settings_apk-debug.apk: Failure [INSTALL_FAILED_UPDATE_INCOMPATIBLE: Package io.appium.settings signatures do not match previously installed version; ignoring!]
[38;5;229m[ADB][0m '. Trying full reinstall
[38;5;229m[ADB][0m Uninstalling io.appium.settings
[38;5;229m[ADB][0m Getting install status for io.appium.settings
[38;5;229m[ADB][0m Running 'C:\Users\setio\AppData\Local\Android\Sdk\platform-tools\adb.exe -P 5037 -s PLEGAR1790210506 shell pm path io.appium.settings'
[38;5;229m[ADB][0m 'io.appium.settings' is installed
[38;5;229m[ADB][0m Running 'C:\Users\setio\AppData\Local\Android\Sdk\platform-tools\adb.exe -P 5037 -s PLEGAR1790210506 shell am force-stop io.appium.settings'
[38;5;229m[ADB][0m Running 'C:\Users\setio\AppData\Local\Android\Sdk\platform-tools\adb.exe -P 5037 -s PLEGAR1790210506 uninstall io.appium.settings'
[38;5;229m[ADB][0m 'adb uninstall io.appium.settings' command output: Success
[38;5;229m[ADB][0m io.appium.settings was successfully uninstalled
[38;5;229m[ADB][0m The application at 'D:\LatihanSanber\wdiomobile\node_modules\appium-uiautomator2-driver\node_modules\io.appium.settings\apks\settings_apk-debug.apk' will not be cached, because the device under test has confirmed the support of streamed installs
[38;5;229m[ADB][0m Running 'C:\Users\setio\AppData\Local\Android\Sdk\platform-tools\adb.exe -P 5037 -s PLEGAR1790210506 install -g D:\LatihanSanber\wdiomobile\node_modules\appium-uiautomator2-driver\node_modules\io.appium.settings\apks\settings_apk-debug.apk'
[38;5;229m[ADB][0m The installation of 'settings_apk-debug.apk' took 2055ms
[38;5;229m[ADB][0m Install command stdout: Performing Streamed Install
[38;5;229m[ADB][0m Success
[38;5;229m[ADB][0m Running 'C:\Users\setio\AppData\Local\Android\Sdk\platform-tools\adb.exe -P 5037 -s PLEGAR1790210506 shell dumpsys activity services io.appium.settings'
[38;5;229m[ADB][0m Running 'C:\Users\setio\AppData\Local\Android\Sdk\platform-tools\adb.exe -P 5037 -s PLEGAR1790210506 shell dumpsys activity services io.appium.settings'
[38;5;78m[SettingsApp][0m Starting Appium Settings app
[38;5;229m[ADB][0m Running 'C:\Users\setio\AppData\Local\Android\Sdk\platform-tools\adb.exe -P 5037 -s PLEGAR1790210506 shell am start -n io.appium.settings/.Settings -a android.intent.action.MAIN -c android.intent.category.LAUNCHER'
[38;5;229m[ADB][0m Running 'C:\Users\setio\AppData\Local\Android\Sdk\platform-tools\adb.exe -P 5037 -s PLEGAR1790210506 shell dumpsys activity services io.appium.settings'
[38;5;229m[ADB][0m Running 'C:\Users\setio\AppData\Local\Android\Sdk\platform-tools\adb.exe -P 5037 -s PLEGAR1790210506 shell dumpsys activity services io.appium.settings'
[38;5;229m[ADB][0m Running 'C:\Users\setio\AppData\Local\Android\Sdk\platform-tools\adb.exe -P 5037 -s PLEGAR1790210506 shell dumpsys activity services io.appium.settings'
[38;5;229m[ADB][0m Running 'C:\Users\setio\AppData\Local\Android\Sdk\platform-tools\adb.exe -P 5037 -s PLEGAR1790210506 shell dumpsys activity services io.appium.settings'
[38;5;160m[Logcat][0m Starting logs capture with command: C:\\Users\\setio\\AppData\\Local\\Android\\Sdk\\platform-tools\\adb.exe -P 5037 -s PLEGAR1790210506 logcat -v threadtime
[38;5;229m[ADB][0m Running 'C:\Users\setio\AppData\Local\Android\Sdk\platform-tools\adb.exe -P 5037 -s PLEGAR1790210506 shell appops set io.appium.settings android:mock_location allow'
[38;5;229m[ADB][0m Running 'C:\Users\setio\AppData\Local\Android\Sdk\platform-tools\adb.exe -P 5037 -s PLEGAR1790210506 shell "[ -e '/data/local/tmp/mock_apps.json' ] && echo __PASS__"'
[38;5;229m[ADB][0m Running 'C:\Users\setio\AppData\Local\Android\Sdk\platform-tools\adb.exe -P 5037 -s PLEGAR1790210506 shell mkdir -p /data/local/tmp'
[38;5;229m[ADB][0m Running 'C:\Users\setio\AppData\Local\Android\Sdk\platform-tools\adb.exe -P 5037 -s PLEGAR1790210506 push C:\Users\setio\AppData\Local\Temp\2024618-16160-jhtwnf.d8uc8/mock_apps.json /data/local/tmp/mock_apps.json'
[38;5;207m[AndroidUiautomator2Driver@2dc3 (a644174d)][0m Forwarding UiAutomator2 Server port 6790 to local port 8200
[38;5;229m[ADB][0m Forwarding system: 8200 to device: 6790
[38;5;229m[ADB][0m Running 'C:\Users\setio\AppData\Local\Android\Sdk\platform-tools\adb.exe -P 5037 -s PLEGAR1790210506 forward tcp:8200 tcp:6790'
[38;5;229m[ADB][0m Getting install status for io.appium.android.apis
[38;5;229m[ADB][0m Running 'C:\Users\setio\AppData\Local\Android\Sdk\platform-tools\adb.exe -P 5037 -s PLEGAR1790210506 shell pm path io.appium.android.apis'
[38;5;229m[ADB][0m Checking app cert for D:\LatihanSanber\wdiomobile\node_modules\appium-uiautomator2-driver\node_modules\appium-uiautomator2-server\apks\appium-uiautomator2-server-v6.0.9.apk
[38;5;229m[ADB][0m Checking app cert for D:\LatihanSanber\wdiomobile\node_modules\appium-uiautomator2-driver\node_modules\appium-uiautomator2-server\apks\appium-uiautomator2-server-debug-androidTest.apk
[38;5;229m[ADB][0m Using 'apksigner.jar' from 'C:\Users\setio\AppData\Local\Android\Sdk\build-tools\35.0.0\lib\apksigner.jar'
[38;5;229m[ADB][0m Starting apksigner: 'C:\\Program Files\\Java\\jdk-17\\bin\\java.exe' -Xmx1024M -Xss1m -jar C:\\Users\\setio\\AppData\\Local\\Android\\Sdk\\build-tools\\35.0.0\\lib\\apksigner.jar verify --print-certs D:\\LatihanSanber\\wdiomobile\\node_modules\\appium-uiautomator2-driver\\node_modules\\appium-uiautomator2-server\\apks\\appium-uiautomator2-server-debug-androidTest.apk
[38;5;229m[ADB][0m 'io.appium.android.apis' is installed
[38;5;207m[AndroidUiautomator2Driver@2dc3 (a644174d)][0m noReset has been requested and the app is already installed. Doing nothing
[38;5;229m[ADB][0m Starting apksigner: 'C:\\Program Files\\Java\\jdk-17\\bin\\java.exe' -Xmx1024M -Xss1m -jar C:\\Users\\setio\\AppData\\Local\\Android\\Sdk\\build-tools\\35.0.0\\lib\\apksigner.jar verify --print-certs D:\\LatihanSanber\\wdiomobile\\node_modules\\appium-uiautomator2-driver\\node_modules\\appium-uiautomator2-server\\apks\\appium-uiautomator2-server-v6.0.9.apk
[38;5;229m[ADB][0m apksigner stdout: Signer #1 certificate DN: EMAILADDRESS=android@android.com, CN=Android, OU=Android, O=Android, L=Mountain View, ST=California, C=US
[38;5;229m[ADB][0m Signer #1 certificate SHA-256 digest: a40da80a59d170caa950cf15c18c454d47a39b26989d8b640ecd745ba71bf5dc
[38;5;229m[ADB][0m Signer #1 certificate SHA-1 digest: 61ed377e85d386a8dfee6b864bd85b0bfaa5af81
[38;5;229m[ADB][0m Signer #1 certificate MD5 digest: e89b158e4bcf988ebd09eb83f5378e87
[38;5;229m[ADB][0m 
[38;5;229m[ADB][0m sha256 hash did match for 'appium-uiautomator2-server-debug-androidTest.apk'
[38;5;229m[ADB][0m 'D:\LatihanSanber\wdiomobile\node_modules\appium-uiautomator2-driver\node_modules\appium-uiautomator2-server\apks\appium-uiautomator2-server-debug-androidTest.apk' is signed with the default certificate
[38;5;229m[ADB][0m Getting install status for io.appium.uiautomator2.server.test
[38;5;229m[ADB][0m Running 'C:\Users\setio\AppData\Local\Android\Sdk\platform-tools\adb.exe -P 5037 -s PLEGAR1790210506 shell pm path io.appium.uiautomator2.server.test'
[38;5;229m[ADB][0m 'io.appium.uiautomator2.server.test' is installed
[38;5;229m[ADB][0m apksigner stdout: Signer #1 certificate DN: EMAILADDRESS=android@android.com, CN=Android, OU=Android, O=Android, L=Mountain View, ST=California, C=US
[38;5;229m[ADB][0m Signer #1 certificate SHA-256 digest: a40da80a59d170caa950cf15c18c454d47a39b26989d8b640ecd745ba71bf5dc
[38;5;229m[ADB][0m Signer #1 certificate SHA-1 digest: 61ed377e85d386a8dfee6b864bd85b0bfaa5af81
[38;5;229m[ADB][0m Signer #1 certificate MD5 digest: e89b158e4bcf988ebd09eb83f5378e87
[38;5;229m[ADB][0m 
[38;5;229m[ADB][0m sha256 hash did match for 'appium-uiautomator2-server-v6.0.9.apk'
[38;5;229m[ADB][0m 'D:\LatihanSanber\wdiomobile\node_modules\appium-uiautomator2-driver\node_modules\appium-uiautomator2-server\apks\appium-uiautomator2-server-v6.0.9.apk' is signed with the default certificate
[38;5;229m[ADB][0m Getting package info for 'io.appium.uiautomator2.server'
[38;5;229m[ADB][0m Running 'C:\Users\setio\AppData\Local\Android\Sdk\platform-tools\adb.exe -P 5037 -s PLEGAR1790210506 shell dumpsys package io.appium.uiautomator2.server'
[38;5;229m[ADB][0m The installed 'io.appium.uiautomator2.server' package is older than 'D:\LatihanSanber\wdiomobile\node_modules\appium-uiautomator2-driver\node_modules\appium-uiautomator2-server\apks\appium-uiautomator2-server-v6.0.9.apk' (95 < 161 or '4.27.0' < '6.0.9')'
[38;5;207m[AndroidUiautomator2Driver@2dc3 (a644174d)][0m Server packages status: [{"wasSigned":true,"installState":"olderVersionInstalled","appPath":"D:\\LatihanSanber\\wdiomobile\\node_modules\\appium-uiautomator2-driver\\node_modules\\appium-uiautomator2-server\\apks\\appium-uiautomator2-server-v6.0.9.apk","appId":"io.appium.uiautomator2.server"},{"wasSigned":true,"installState":"sameVersionInstalled","appPath":"D:\\LatihanSanber\\wdiomobile\\node_modules\\appium-uiautomator2-driver\\node_modules\\appium-uiautomator2-server\\apks\\appium-uiautomator2-server-debug-androidTest.apk","appId":"io.appium.uiautomator2.server.test"}]
[38;5;207m[AndroidUiautomator2Driver@2dc3 (a644174d)][0m Server packages are going to be (re)installed
[38;5;229m[ADB][0m Running 'C:\Users\setio\AppData\Local\Android\Sdk\platform-tools\adb.exe -P 5037 -s PLEGAR1790210506 version'
[38;5;229m[ADB][0m The application at 'D:\LatihanSanber\wdiomobile\node_modules\appium-uiautomator2-driver\node_modules\appium-uiautomator2-server\apks\appium-uiautomator2-server-v6.0.9.apk' will not be cached, because the device under test has confirmed the support of streamed installs
[38;5;229m[ADB][0m Running 'C:\Users\setio\AppData\Local\Android\Sdk\platform-tools\adb.exe -P 5037 -s PLEGAR1790210506 install -r D:\LatihanSanber\wdiomobile\node_modules\appium-uiautomator2-driver\node_modules\appium-uiautomator2-server\apks\appium-uiautomator2-server-v6.0.9.apk'
[38;5;229m[ADB][0m The application at 'D:\LatihanSanber\wdiomobile\node_modules\appium-uiautomator2-driver\node_modules\appium-uiautomator2-server\apks\appium-uiautomator2-server-debug-androidTest.apk' will not be cached, because the device under test has confirmed the support of streamed installs
[38;5;229m[ADB][0m Running 'C:\Users\setio\AppData\Local\Android\Sdk\platform-tools\adb.exe -P 5037 -s PLEGAR1790210506 install -r D:\LatihanSanber\wdiomobile\node_modules\appium-uiautomator2-driver\node_modules\appium-uiautomator2-server\apks\appium-uiautomator2-server-debug-androidTest.apk'
[38;5;229m[ADB][0m The installation of 'appium-uiautomator2-server-debug-androidTest.apk' took 2719ms
[38;5;229m[ADB][0m Install command stdout: Performing Streamed Install
[38;5;229m[ADB][0m Success
[38;5;229m[ADB][0m The installation of 'appium-uiautomator2-server-v6.0.9.apk' took 4410ms
[38;5;229m[ADB][0m Install command stdout: Performing Streamed Install
[38;5;229m[ADB][0m Success
[38;5;207m[AndroidUiautomator2Driver@2dc3 (a644174d)][0m Waiting up to 30000ms for services to be available
[38;5;229m[ADB][0m Running 'C:\Users\setio\AppData\Local\Android\Sdk\platform-tools\adb.exe -P 5037 -s PLEGAR1790210506 shell pm list instrumentation'
[38;5;207m[AndroidUiautomator2Driver@2dc3 (a644174d)][0m Instrumentation target 'io.appium.uiautomator2.server.test/androidx.test.runner.AndroidJUnitRunner' is available
[38;5;229m[ADB][0m Adding packages ["io.appium.settings","io.appium.uiautomator2.server","io.appium.uiautomator2.server.test"] to Doze whitelist
[38;5;229m[ADB][0m Got the following command chunks to execute: [["dumpsys","deviceidle","whitelist","+io.appium.settings",";","dumpsys","deviceidle","whitelist","+io.appium.uiautomator2.server",";","dumpsys","deviceidle","whitelist","+io.appium.uiautomator2.server.test",";"]]
[38;5;229m[ADB][0m Running 'C:\Users\setio\AppData\Local\Android\Sdk\platform-tools\adb.exe -P 5037 -s PLEGAR1790210506 shell dumpsys deviceidle whitelist +io.appium.settings ; dumpsys deviceidle whitelist +io.appium.uiautomator2.server ; dumpsys deviceidle whitelist +io.appium.uiautomator2.server.test ;'
[38;5;207m[AndroidUiautomator2Driver@2dc3 (a644174d)][0m Performing shallow cleanup of automation leftovers
[38;5;207m[AndroidUiautomator2Driver@2dc3 (a644174d)][0m No obsolete sessions have been detected (socket hang up)
[38;5;229m[ADB][0m Running 'C:\Users\setio\AppData\Local\Android\Sdk\platform-tools\adb.exe -P 5037 -s PLEGAR1790210506 shell am force-stop io.appium.uiautomator2.server.test'
[38;5;207m[AndroidUiautomator2Driver@2dc3 (a644174d)][0m Starting UIAutomator2 server 6.0.9
[38;5;207m[AndroidUiautomator2Driver@2dc3 (a644174d)][0m Using UIAutomator2 server from 'D:\LatihanSanber\wdiomobile\node_modules\appium-uiautomator2-driver\node_modules\appium-uiautomator2-server\apks\appium-uiautomator2-server-v6.0.9.apk' and test from 'D:\LatihanSanber\wdiomobile\node_modules\appium-uiautomator2-driver\node_modules\appium-uiautomator2-server\apks\appium-uiautomator2-server-debug-androidTest.apk'
[38;5;207m[AndroidUiautomator2Driver@2dc3 (a644174d)][0m Waiting up to 30000ms for UiAutomator2 to be online...
[38;5;229m[ADB][0m Creating ADB subprocess with args: ["-P","5037","-s","PLEGAR1790210506","shell","am","instrument","-w","-e","disableAnalytics","true","io.appium.uiautomator2.server.test/androidx.test.runner.AndroidJUnitRunner"]
[38;5;207m[AndroidUiautomator2Driver@2dc3 (a644174d)][0m Matched '/status' to command name 'getStatus'
[38;5;207m[AndroidUiautomator2Driver@2dc3 (a644174d)][0m Proxying [GET /status] to [GET http://127.0.0.1:8200/status] with no body
[38;5;207m[AndroidUiautomator2Driver@2dc3 (a644174d)][0m socket hang up
[38;5;207m[AndroidUiautomator2Driver@2dc3 (a644174d)][0m Matched '/status' to command name 'getStatus'
[38;5;207m[AndroidUiautomator2Driver@2dc3 (a644174d)][0m Proxying [GET /status] to [GET http://127.0.0.1:8200/status] with no body
[38;5;207m[AndroidUiautomator2Driver@2dc3 (a644174d)][0m socket hang up
[38;5;207m[AndroidUiautomator2Driver@2dc3 (a644174d)][0m Matched '/status' to command name 'getStatus'
[38;5;207m[AndroidUiautomator2Driver@2dc3 (a644174d)][0m Proxying [GET /status] to [GET http://127.0.0.1:8200/status] with no body
[38;5;207m[AndroidUiautomator2Driver@2dc3 (a644174d)][0m socket hang up
[38;5;207m[AndroidUiautomator2Driver@2dc3 (a644174d)][0m Matched '/status' to command name 'getStatus'
[38;5;207m[AndroidUiautomator2Driver@2dc3 (a644174d)][0m Proxying [GET /status] to [GET http://127.0.0.1:8200/status] with no body
[38;5;207m[AndroidUiautomator2Driver@2dc3 (a644174d)][0m socket hang up
[38;5;74m[Instrumentation][0m io.appium.uiautomator2.server.test.AppiumUiAutomator2Server:
[38;5;207m[AndroidUiautomator2Driver@2dc3 (a644174d)][0m Matched '/status' to command name 'getStatus'
[38;5;207m[AndroidUiautomator2Driver@2dc3 (a644174d)][0m Proxying [GET /status] to [GET http://127.0.0.1:8200/status] with no body
[38;5;207m[AndroidUiautomator2Driver@2dc3 (a644174d)][0m socket hang up
[38;5;207m[AndroidUiautomator2Driver@2dc3 (a644174d)][0m Matched '/status' to command name 'getStatus'
[38;5;207m[AndroidUiautomator2Driver@2dc3 (a644174d)][0m Proxying [GET /status] to [GET http://127.0.0.1:8200/status] with no body
[38;5;207m[AndroidUiautomator2Driver@2dc3 (a644174d)][0m socket hang up
[38;5;207m[AndroidUiautomator2Driver@2dc3 (a644174d)][0m Matched '/status' to command name 'getStatus'
[38;5;207m[AndroidUiautomator2Driver@2dc3 (a644174d)][0m Proxying [GET /status] to [GET http://127.0.0.1:8200/status] with no body
[38;5;207m[AndroidUiautomator2Driver@2dc3 (a644174d)][0m Got response with status 200: {"sessionId":"None","value":{"message":"UiAutomator2 Server is ready to accept commands","ready":true}}
[38;5;207m[AndroidUiautomator2Driver@2dc3 (a644174d)][0m The initialization of the instrumentation process took 6452ms
[38;5;207m[AndroidUiautomator2Driver@2dc3 (a644174d)][0m Matched '/session' to command name 'createSession'
[38;5;207m[AndroidUiautomator2Driver@2dc3 (a644174d)][0m Proxying [POST /session] to [POST http://127.0.0.1:8200/session] with body: {"capabilities":{"firstMatch":[{"platformName":"Android","deviceName":"PLEGAR1790210506","platformVersion":"9","automationName":"UiAutomator2","app":"D:\\LatihanSanber\\wdiomobile\\test\\apk\\ApiDemos-debug.apk","appPackage":"io.appium.android.apis","appActivity":".ApiDemos","noReset":true,"forceAppLaunch":true,"platform":"LINUX","webStorageEnabled":false,"takesScreenshot":true,"javascriptEnabled":true,"databaseEnabled":false,"networkConnectionEnabled":true,"locationContextEnabled":false,"warnings":{},"desired":{"platformName":"Android","deviceName":"Nokia 6","platformVersion":"9","automationName":"UiAutomator2","app":"D:\\LatihanSanber\\wdiomobile\\test\\apk\\ApiDemos-debug.apk","appPackage":"io.appium.android.apis","appActivity":".ApiDemos","noReset":true,"forceAppLaunch":true},"deviceUDID":"PLEGAR1790210506"}],"alwaysMatch":{}}}
[38;5;207m[AndroidUiautomator2Driver@2dc3 (a644174d)][0m Got response with status 200: {"sessionId":"92bd95a7-8ff2-4b8f-b0c5-adb4cc12d327","value":{"capabilities":{"firstMatch":[{"platformName":"Android","deviceName":"PLEGAR1790210506","platformVersion":"9","automationName":"UiAutomator2","app":"D:\\LatihanSanber\\wdiomobile\\test\\apk\\ApiDemos-debug.apk","appPackage":"io.appium.android.apis","appActivity":".ApiDemos","noReset":true,"forceAppLaunch":true,"platform":"LINUX","webStorageEnabled":false,"takesScreenshot":true,"javascriptEnabled":true,"databaseEnabled":false,"networkConnectionEnabled":true,"locationContextEnabled":false,"warnings":{},"desired":{"platformName":"Android","deviceName":"Nokia 6","platformVersion":"9","automationName":"UiAutomator2","app":"D:\\LatihanSanber\\wdiomobile\\test\\apk\\ApiDemos-debug.apk","appPackage":"io.appium.android.apis","appActivity":".ApiDemos","noReset":true,"forceAppLaunch":true},"deviceUDID":"PLEGAR1790210506"}],"alwaysMatch":{}},"sessionId":"92bd95a7-8ff2-4b8f-b0c5-adb4cc12d327"}}
[38;5;207m[AndroidUiautomator2Driver@2dc3 (a644174d)][0m Determined the downstream protocol as 'W3C'
[38;5;207m[AndroidUiautomator2Driver@2dc3 (a644174d)][0m Proxying [GET /appium/device/pixel_ratio] to [GET http://127.0.0.1:8200/session/92bd95a7-8ff2-4b8f-b0c5-adb4cc12d327/appium/device/pixel_ratio] with no body
[38;5;207m[AndroidUiautomator2Driver@2dc3 (a644174d)][0m Matched '/appium/device/system_bars' to command name 'getSystemBars'
[38;5;207m[AndroidUiautomator2Driver@2dc3 (a644174d)][0m Proxying [GET /appium/device/system_bars] to [GET http://127.0.0.1:8200/session/92bd95a7-8ff2-4b8f-b0c5-adb4cc12d327/appium/device/system_bars] with no body
[38;5;207m[AndroidUiautomator2Driver@2dc3 (a644174d)][0m Matched '/window/current/size' to command name 'getWindowSize'
[38;5;207m[AndroidUiautomator2Driver@2dc3 (a644174d)][0m Proxying [GET /window/current/size] to [GET http://127.0.0.1:8200/session/92bd95a7-8ff2-4b8f-b0c5-adb4cc12d327/window/current/size] with no body
[38;5;207m[AndroidUiautomator2Driver@2dc3 (a644174d)][0m Proxying [GET /appium/device/info] to [GET http://127.0.0.1:8200/session/92bd95a7-8ff2-4b8f-b0c5-adb4cc12d327/appium/device/info] with no body
[38;5;229m[ADB][0m Running 'C:\Users\setio\AppData\Local\Android\Sdk\platform-tools\adb.exe -P 5037 -s PLEGAR1790210506 shell dumpsys window'
[38;5;207m[AndroidUiautomator2Driver@2dc3 (a644174d)][0m Got response with status 200: {"sessionId":"92bd95a7-8ff2-4b8f-b0c5-adb4cc12d327","value":3}
[38;5;207m[AndroidUiautomator2Driver@2dc3 (a644174d)][0m Got response with status 200: {"sessionId":"92bd95a7-8ff2-4b8f-b0c5-adb4cc12d327","value":{"height":1920,"width":1080}}
[38;5;207m[AndroidUiautomator2Driver@2dc3 (a644174d)][0m Got response with status 200: {"sessionId":"92bd95a7-8ff2-4b8f-b0c5-adb4cc12d327","value":{"statusBar":72}}
[38;5;207m[AndroidUiautomator2Driver@2dc3 (a644174d)][0m Got response with status 200: {"sessionId":"92bd95a7-8ff2-4b8f-b0c5-adb4cc12d327","value":{"androidId":"53319aa6b970377c","apiVersion":"28","bluetooth":{"state":"OFF"},"brand":"Nokia","carrierName":"","displayDensity":480,"locale":"in_ID","manufacturer":"HMD Global","model":"TA-1021","networks":[],"platformVersion":"9","realDisplaySize":"1080x1920","timeZone":"Asia/Jakarta"}}
[38;5;207m[AndroidUiautomator2Driver@2dc3 (a644174d)][0m Screen already unlocked, doing nothing
[38;5;207m[AndroidUiautomator2Driver@2dc3 (a644174d)][0m Starting 'io.appium.android.apis/.ApiDemos and waiting for 'io.appium.android.apis/.ApiDemos'
[38;5;229m[ADB][0m Running 'C:\Users\setio\AppData\Local\Android\Sdk\platform-tools\adb.exe -P 5037 -s PLEGAR1790210506 shell am start -W -n io.appium.android.apis/.ApiDemos -S -a android.intent.action.MAIN -c android.intent.category.LAUNCHER -f 0x10200000'
[38;5;213m[AppiumDriver@1455][0m New AndroidUiautomator2Driver session created successfully, session a644174d-6a8a-4ffe-b17f-7dd71316a743 added to master session list
[38;5;213m[AppiumDriver@1455][0m Event 'newSessionStarted' logged at 1721311029757 (20:57:09 GMT+0700 (Western Indonesia Time))
[38;5;207m[AndroidUiautomator2Driver@2dc3 (a644174d)][0m Cached the protocol value 'W3C' for the new session a644174d-6a8a-4ffe-b17f-7dd71316a743
[38;5;207m[AndroidUiautomator2Driver@2dc3 (a644174d)][0m Responding to client with driver.createSession() result: {"capabilities":{"platformName":"Android","deviceName":"PLEGAR1790210506","platformVersion":"9","automationName":"UiAutomator2","app":"D:\\LatihanSanber\\wdiomobile\\test\\apk\\ApiDemos-debug.apk","appPackage":"io.appium.android.apis","appActivity":".ApiDemos","noReset":true,"forceAppLaunch":true,"platform":"LINUX","webStorageEnabled":false,"takesScreenshot":true,"javascriptEnabled":true,"databaseEnabled":false,"networkConnectionEnabled":true,"locationContextEnabled":false,"warnings":{},"desired":{"platformName":"Android","deviceName":"Nokia 6","platformVersion":"9","automationName":"UiAutomator2","app":"D:\\LatihanSanber\\wdiomobile\\test\\apk\\ApiDemos-debug.apk","appPackage":"io.appium.android.apis","appActivity":".ApiDemos","noReset":true,"forceAppLaunch":true},"deviceUDID":"PLEGAR1790210506","pixelRatio":"3","statBarHeight":72,"viewportRect":{"left":0,"top":72,"width":1080,"height":1848},"deviceApiLevel":28,"deviceManufacturer":"HMD Global","deviceModel":"TA-1021","deviceScreenSize":"1080x1920","devic...
[38;5;86m[HTTP][0m [37m<-- POST /session [39m[32m200[39m [90m31097 ms - 1103[39m [90m[39m
[38;5;73m[a644174d][0m[38;5;86m[HTTP][0m [37m-->[39m [37mPOST[39m [37m/session/a644174d-6a8a-4ffe-b17f-7dd71316a743/element[39m [90m{"using":"xpath","value":"//android.widget.TextView[@content-desc=\"Accessibility\"]"}[39m
[38;5;73m[a644174d][0m[38;5;207m[AndroidUiautomator2Driver@2dc3 (a644174d)][0m Calling AppiumDriver.findElement() with args: ["xpath","//android.widget.TextView[@content-desc=\"Accessibility\"]","a644174d-6a8a-4ffe-b17f-7dd71316a743"]
[38;5;73m[a644174d][0m[38;5;207m[AndroidUiautomator2Driver@2dc3 (a644174d)][0m Valid locator strategies for this request: xpath, id, class name, accessibility id, css selector, -android uiautomator
[38;5;73m[a644174d][0m[38;5;207m[AndroidUiautomator2Driver@2dc3 (a644174d)][0m Waiting up to 0 ms for condition
[38;5;73m[a644174d][0m[38;5;207m[AndroidUiautomator2Driver@2dc3 (a644174d)][0m Matched '/element' to command name 'findElement'
[38;5;73m[a644174d][0m[38;5;207m[AndroidUiautomator2Driver@2dc3 (a644174d)][0m Proxying [POST /element] to [POST http://127.0.0.1:8200/session/92bd95a7-8ff2-4b8f-b0c5-adb4cc12d327/element] with body: {"strategy":"xpath","selector":"//android.widget.TextView[@content-desc=\"Accessibility\"]","context":"","multiple":false}
[38;5;73m[a644174d][0m[38;5;207m[AndroidUiautomator2Driver@2dc3 (a644174d)][0m Got response with status 200: {"sessionId":"92bd95a7-8ff2-4b8f-b0c5-adb4cc12d327","value":{"ELEMENT":"00000000-0000-001d-ffff-ffff00000009","element-6066-11e4-a52e-4f735466cecf":"00000000-0000-001d-ffff-ffff00000009"}}
[38;5;73m[a644174d][0m[38;5;207m[AndroidUiautomator2Driver@2dc3 (a644174d)][0m Responding to client with driver.findElement() result: {"element-6066-11e4-a52e-4f735466cecf":"00000000-0000-001d-ffff-ffff00000009","ELEMENT":"00000000-0000-001d-ffff-ffff00000009"}
[38;5;73m[a644174d][0m[38;5;86m[HTTP][0m [37m<-- POST /session/a644174d-6a8a-4ffe-b17f-7dd71316a743/element [39m[32m200[39m [90m2094 ms - 137[39m [90m[39m
[38;5;73m[a644174d][0m[38;5;86m[HTTP][0m [37m-->[39m [37mPOST[39m [37m/session/a644174d-6a8a-4ffe-b17f-7dd71316a743/element/00000000-0000-001d-ffff-ffff00000009/click[39m [90m{}[39m
[38;5;73m[a644174d][0m[38;5;207m[AndroidUiautomator2Driver@2dc3 (a644174d)][0m Calling AppiumDriver.click() with args: ["00000000-0000-001d-ffff-ffff00000009","a644174d-6a8a-4ffe-b17f-7dd71316a743"]
[38;5;73m[a644174d][0m[38;5;207m[AndroidUiautomator2Driver@2dc3 (a644174d)][0m Matched '/element/00000000-0000-001d-ffff-ffff00000009/click' to command name 'click'
[38;5;73m[a644174d][0m[38;5;207m[AndroidUiautomator2Driver@2dc3 (a644174d)][0m Proxying [POST /element/00000000-0000-001d-ffff-ffff00000009/click] to [POST http://127.0.0.1:8200/session/92bd95a7-8ff2-4b8f-b0c5-adb4cc12d327/element/00000000-0000-001d-ffff-ffff00000009/click] with body: {"element":"00000000-0000-001d-ffff-ffff00000009"}
[38;5;73m[a644174d][0m[38;5;207m[AndroidUiautomator2Driver@2dc3 (a644174d)][0m Got response with status 200: {"sessionId":"92bd95a7-8ff2-4b8f-b0c5-adb4cc12d327","value":null}
[38;5;73m[a644174d][0m[38;5;207m[AndroidUiautomator2Driver@2dc3 (a644174d)][0m Responding to client with driver.click() result: null
[38;5;73m[a644174d][0m[38;5;86m[HTTP][0m [37m<-- POST /session/a644174d-6a8a-4ffe-b17f-7dd71316a743/element/00000000-0000-001d-ffff-ffff00000009/click [39m[32m200[39m [90m1068 ms - 14[39m [90m[39m
[38;5;73m[a644174d][0m[38;5;86m[HTTP][0m [37m-->[39m [37mDELETE[39m [37m/session/a644174d-6a8a-4ffe-b17f-7dd71316a743[39m [90m{}[39m
[38;5;73m[a644174d][0m[38;5;207m[AndroidUiautomator2Driver@2dc3 (a644174d)][0m Calling AppiumDriver.deleteSession() with args: ["a644174d-6a8a-4ffe-b17f-7dd71316a743"]
[38;5;73m[a644174d][0m[38;5;213m[AppiumDriver@1455][0m Event 'quitSessionRequested' logged at 1721311033084 (20:57:13 GMT+0700 (Western Indonesia Time))
[38;5;73m[a644174d][0m[38;5;213m[AppiumDriver@1455][0m Removing session a644174d-6a8a-4ffe-b17f-7dd71316a743 from our master session list
[38;5;73m[a644174d][0m[38;5;207m[AndroidUiautomator2Driver@2dc3 (a644174d)][0m Deleting UiAutomator2 session
[38;5;73m[a644174d][0m[38;5;207m[AndroidUiautomator2Driver@2dc3 (a644174d)][0m Deleting UiAutomator2 server session
[38;5;73m[a644174d][0m[38;5;207m[AndroidUiautomator2Driver@2dc3 (a644174d)][0m Matched '/' to command name 'deleteSession'
[38;5;73m[a644174d][0m[38;5;207m[AndroidUiautomator2Driver@2dc3 (a644174d)][0m Proxying [DELETE /] to [DELETE http://127.0.0.1:8200/session/92bd95a7-8ff2-4b8f-b0c5-adb4cc12d327] with no body
[38;5;73m[a644174d][0m[38;5;207m[AndroidUiautomator2Driver@2dc3 (a644174d)][0m Got response with status 200: {"sessionId":"92bd95a7-8ff2-4b8f-b0c5-adb4cc12d327","value":null}
[38;5;73m[a644174d][0m[38;5;160m[Logcat][0m Stopping logcat capture
[38;5;73m[a644174d][0m[38;5;229m[ADB][0m Removing forwarded port socket connection: 8200 
[38;5;73m[a644174d][0m[38;5;229m[ADB][0m Running 'C:\Users\setio\AppData\Local\Android\Sdk\platform-tools\adb.exe -P 5037 -s PLEGAR1790210506 forward --remove tcp:8200'
[38;5;73m[a644174d][0m[38;5;207m[AndroidUiautomator2Driver@2dc3 (a644174d)][0m Restoring hidden api policy to the device default configuration
[38;5;73m[a644174d][0m[38;5;229m[ADB][0m Running 'C:\Users\setio\AppData\Local\Android\Sdk\platform-tools\adb.exe -P 5037 -s PLEGAR1790210506 shell 'settings delete global hidden_api_policy_pre_p_apps;settings delete global hidden_api_policy_p_apps;settings delete global hidden_api_policy''
[38;5;73m[a644174d][0m[38;5;213m[AppiumDriver@1455][0m Event 'quitSessionFinished' logged at 1721311033583 (20:57:13 GMT+0700 (Western Indonesia Time))
[38;5;73m[a644174d][0m[38;5;213m[AppiumDriver@1455][0m Received response: null
[38;5;73m[a644174d][0m[38;5;213m[AppiumDriver@1455][0m But deleting session, so not returning
[38;5;73m[a644174d][0m[38;5;213m[AppiumDriver@1455][0m Responding to client with driver.deleteSession() result: null
[38;5;73m[a644174d][0m[38;5;86m[HTTP][0m [37m<-- DELETE /session/a644174d-6a8a-4ffe-b17f-7dd71316a743 [39m[32m200[39m [90m502 ms - 14[39m [90m[39m
